\BOOKMARK [0][-]{part.1}{\376\377\000I\000\040\000E\000x\000a\000m\000\040\000O\000v\000e\000r\000v\000i\000e\000w}{}% 1
\BOOKMARK [1][-]{section.1}{\376\377\000S\000A\000A\000-\000C\0000\0003\000\040\000a\000t\000\040\000a\000\040\000G\000l\000a\000n\000c\000e}{part.1}% 2
\BOOKMARK [2][-]{subsection.1.1}{\376\377\000D\000o\000m\000a\000i\000n\000\040\000W\000e\000i\000g\000h\000t\000i\000n\000g\000s}{section.1}% 3
\BOOKMARK [2][-]{subsection.1.2}{\376\377\000T\000o\000p\000-\000F\000r\000e\000q\000u\000e\000n\000c\000y\000\040\000S\000e\000r\000v\000i\000c\000e\000s}{section.1}% 4
\BOOKMARK [1][-]{section.2}{\376\377\000D\000o\000m\000a\000i\000n\000\040\000M\000a\000p\000\040\000O\000v\000e\000r\000v\000i\000e\000w}{part.1}% 5
\BOOKMARK [2][-]{subsection.2.1}{\376\377\000D\000o\000m\000a\000i\000n\000\040\0001\000\040\040\024\000\040\000D\000e\000s\000i\000g\000n\000\040\000S\000e\000c\000u\000r\000e\000\040\000A\000r\000c\000h\000i\000t\000e\000c\000t\000u\000r\000e\000s\000\040\000\050\0003\0000\000\045\000\051}{section.2}% 6
\BOOKMARK [2][-]{subsection.2.2}{\376\377\000D\000o\000m\000a\000i\000n\000\040\0002\000\040\040\024\000\040\000D\000e\000s\000i\000g\000n\000\040\000R\000e\000s\000i\000l\000i\000e\000n\000t\000\040\000A\000r\000c\000h\000i\000t\000e\000c\000t\000u\000r\000e\000s\000\040\000\050\0002\0006\000\045\000\051}{section.2}% 7
\BOOKMARK [2][-]{subsection.2.3}{\376\377\000D\000o\000m\000a\000i\000n\000\040\0003\000\040\040\024\000\040\000D\000e\000s\000i\000g\000n\000\040\000H\000i\000g\000h\000-\000P\000e\000r\000f\000o\000r\000m\000i\000n\000g\000\040\000A\000r\000c\000h\000i\000t\000e\000c\000t\000u\000r\000e\000s\000\040\000\050\0002\0004\000\045\000\051}{section.2}% 8
\BOOKMARK [2][-]{subsection.2.4}{\376\377\000D\000o\000m\000a\000i\000n\000\040\0004\000\040\040\024\000\040\000D\000e\000s\000i\000g\000n\000\040\000C\000o\000s\000t\000-\000O\000p\000t\000i\000m\000i\000z\000e\000d\000\040\000A\000r\000c\000h\000i\000t\000e\000c\000t\000u\000r\000e\000s\000\040\000\050\0002\0000\000\045\000\051}{section.2}% 9
\BOOKMARK [2][-]{subsection.2.5}{\376\377\000C\000o\000m\000m\000o\000n\000\040\000E\000x\000a\000m\000\040\000S\000c\000e\000n\000a\000r\000i\000o\000s}{section.2}% 10
\BOOKMARK [2][-]{subsection.2.6}{\376\377\000S\000A\000A\000-\000C\0000\0003\000\040\000A\000n\000s\000w\000e\000r\000i\000n\000g\000\040\000S\000t\000r\000a\000t\000e\000g\000y}{section.2}% 11
\BOOKMARK [0][-]{part.2}{\376\377\000I\000I\000\040\000A\000W\000S\000\040\000F\000o\000u\000n\000d\000a\000t\000i\000o\000n\000s}{}% 12
\BOOKMARK [1][-]{section.3}{\376\377\000A\000W\000S\000\040\000G\000l\000o\000b\000a\000l\000\040\000I\000n\000f\000r\000a\000s\000t\000r\000u\000c\000t\000u\000r\000e}{part.2}% 13
\BOOKMARK [2][-]{subsection.3.1}{\376\377\000R\000e\000s\000i\000l\000i\000e\000n\000c\000e\000\040\000b\000y\000\040\000D\000e\000s\000i\000g\000n}{section.3}% 14
\BOOKMARK [2][-]{subsection.3.2}{\376\377\000G\000l\000o\000b\000a\000l\000\040\000I\000n\000f\000r\000a\000s\000t\000r\000u\000c\000t\000u\000r\000e\000\040\000D\000i\000a\000g\000r\000a\000m}{section.3}% 15
\BOOKMARK [1][-]{section.4}{\376\377\000A\000W\000S\000\040\000W\000e\000l\000l\000-\000A\000r\000c\000h\000i\000t\000e\000c\000t\000e\000d\000\040\000F\000r\000a\000m\000e\000w\000o\000r\000k}{part.2}% 16
\BOOKMARK [2][-]{subsection.4.1}{\376\377\000T\000h\000e\000\040\000S\000i\000x\000\040\000P\000i\000l\000l\000a\000r\000s}{section.4}% 17
\BOOKMARK [2][-]{subsection.4.2}{\376\377\000D\000e\000s\000i\000g\000n\000\040\000P\000r\000i\000n\000c\000i\000p\000l\000e\000s\000\040\000\050\000p\000e\000r\000\040\000p\000i\000l\000l\000a\000r\000\051}{section.4}% 18
\BOOKMARK [3][-]{subsubsection.4.2.1}{\376\377\000O\000p\000e\000r\000a\000t\000i\000o\000n\000a\000l\000\040\000E\000x\000c\000e\000l\000l\000e\000n\000c\000e}{subsection.4.2}% 19
\BOOKMARK [3][-]{subsubsection.4.2.2}{\376\377\000S\000e\000c\000u\000r\000i\000t\000y}{subsection.4.2}% 20
\BOOKMARK [3][-]{subsubsection.4.2.3}{\376\377\000R\000e\000l\000i\000a\000b\000i\000l\000i\000t\000y}{subsection.4.2}% 21
\BOOKMARK [3][-]{subsubsection.4.2.4}{\376\377\000P\000e\000r\000f\000o\000r\000m\000a\000n\000c\000e\000\040\000E\000f\000f\000i\000c\000i\000e\000n\000c\000y}{subsection.4.2}% 22
\BOOKMARK [3][-]{subsubsection.4.2.5}{\376\377\000C\000o\000s\000t\000\040\000O\000p\000t\000i\000m\000i\000z\000a\000t\000i\000o\000n}{subsection.4.2}% 23
\BOOKMARK [3][-]{subsubsection.4.2.6}{\376\377\000S\000u\000s\000t\000a\000i\000n\000a\000b\000i\000l\000i\000t\000y}{subsection.4.2}% 24
\BOOKMARK [0][-]{part.3}{\376\377\000I\000I\000I\000\040\000C\000o\000m\000p\000u\000t\000e}{}% 25
\BOOKMARK [1][-]{section.5}{\376\377\000A\000m\000a\000z\000o\000n\000\040\000E\000C\0002}{part.3}% 26
\BOOKMARK [2][-]{subsection.5.1}{\376\377\000W\000h\000a\000t\000\040\000i\000s\000\040\000E\000C\0002\000?}{section.5}% 27
\BOOKMARK [2][-]{subsection.5.2}{\376\377\000I\000n\000s\000t\000a\000n\000c\000e\000\040\000T\000y\000p\000e\000s}{section.5}% 28
\BOOKMARK [2][-]{subsection.5.3}{\376\377\000P\000u\000r\000c\000h\000a\000s\000i\000n\000g\000\040\000O\000p\000t\000i\000o\000n\000s}{section.5}% 29
\BOOKMARK [2][-]{subsection.5.4}{\376\377\000S\000t\000o\000r\000a\000g\000e\000\040\000f\000o\000r\000\040\000E\000C\0002}{section.5}% 30
\BOOKMARK [3][-]{subsubsection.5.4.1}{\376\377\000E\000B\000S\000\040\000V\000o\000l\000u\000m\000e\000\040\000T\000y\000p\000e\000s}{subsection.5.4}% 31
\BOOKMARK [2][-]{subsection.5.5}{\376\377\000N\000e\000t\000w\000o\000r\000k\000i\000n\000g}{section.5}% 32
\BOOKMARK [2][-]{subsection.5.6}{\376\377\000E\000C\0002\000\040\000A\000u\000t\000o\000\040\000S\000c\000a\000l\000i\000n\000g}{section.5}% 33
\BOOKMARK [2][-]{subsection.5.7}{\376\377\000S\000e\000c\000u\000r\000i\000t\000y}{section.5}% 34
\BOOKMARK [1][-]{section.6}{\376\377\000A\000W\000S\000\040\000L\000a\000m\000b\000d\000a}{part.3}% 35
\BOOKMARK [2][-]{subsection.6.1}{\376\377\000I\000n\000v\000o\000c\000a\000t\000i\000o\000n\000\040\000M\000o\000d\000e\000l\000s}{section.6}% 36
\BOOKMARK [2][-]{subsection.6.2}{\376\377\000N\000e\000t\000w\000o\000r\000k\000i\000n\000g\000\040\040\024\000\040\000L\000a\000m\000b\000d\000a\000\040\000i\000n\000\040\000a\000\040\000V\000P\000C}{section.6}% 37
\BOOKMARK [2][-]{subsection.6.3}{\376\377\000C\000o\000n\000c\000u\000r\000r\000e\000n\000c\000y\000\040\000\046\000\040\000S\000c\000a\000l\000i\000n\000g}{section.6}% 38
\BOOKMARK [2][-]{subsection.6.4}{\376\377\000C\000o\000m\000m\000o\000n\000\040\000A\000r\000c\000h\000i\000t\000e\000c\000t\000u\000r\000e\000\040\000P\000a\000t\000t\000e\000r\000n\000s}{section.6}% 39
\BOOKMARK [1][-]{section.7}{\376\377\000E\000C\0002\000\040\000A\000u\000t\000o\000\040\000S\000c\000a\000l\000i\000n\000g}{part.3}% 40
\BOOKMARK [2][-]{subsection.7.1}{\376\377\000S\000c\000a\000l\000i\000n\000g\000\040\000P\000o\000l\000i\000c\000i\000e\000s}{section.7}% 41
\BOOKMARK [2][-]{subsection.7.2}{\376\377\000L\000i\000f\000e\000c\000y\000c\000l\000e\000\040\000H\000o\000o\000k\000s}{section.7}% 42
\BOOKMARK [2][-]{subsection.7.3}{\376\377\000M\000u\000l\000t\000i\000-\000T\000i\000e\000r\000\040\000A\000r\000c\000h\000i\000t\000e\000c\000t\000u\000r\000e\000\040\000D\000i\000a\000g\000r\000a\000m}{section.7}% 43
\BOOKMARK [1][-]{section.8}{\376\377\000E\000l\000a\000s\000t\000i\000c\000\040\000L\000o\000a\000d\000\040\000B\000a\000l\000a\000n\000c\000i\000n\000g\000\040\000\050\000E\000L\000B\000\051}{part.3}% 44
\BOOKMARK [2][-]{subsection.8.1}{\376\377\000L\000o\000a\000d\000\040\000B\000a\000l\000a\000n\000c\000e\000r\000\040\000T\000y\000p\000e\000s\000\040\000C\000o\000m\000p\000a\000r\000i\000s\000o\000n}{section.8}% 45
\BOOKMARK [2][-]{subsection.8.2}{\376\377\000A\000L\000B\000\040\000A\000d\000v\000a\000n\000c\000e\000d\000\040\000F\000e\000a\000t\000u\000r\000e\000s}{section.8}% 46
\BOOKMARK [1][-]{section.9}{\376\377\000C\000o\000n\000t\000a\000i\000n\000e\000r\000s\000\040\000o\000n\000\040\000A\000W\000S}{part.3}% 47
\BOOKMARK [2][-]{subsection.9.1}{\376\377\000C\000o\000n\000t\000a\000i\000n\000e\000r\000\040\000P\000l\000a\000t\000f\000o\000r\000m\000\040\000S\000e\000l\000e\000c\000t\000i\000o\000n}{section.9}% 48
\BOOKMARK [2][-]{subsection.9.2}{\376\377\000A\000m\000a\000z\000o\000n\000\040\000E\000C\000S}{section.9}% 49
\BOOKMARK [2][-]{subsection.9.3}{\376\377\000A\000m\000a\000z\000o\000n\000\040\000E\000K\000S}{section.9}% 50
\BOOKMARK [2][-]{subsection.9.4}{\376\377\000A\000m\000a\000z\000o\000n\000\040\000E\000C\000R}{section.9}% 51
\BOOKMARK [2][-]{subsection.9.5}{\376\377\000C\000o\000m\000p\000u\000t\000e\000\040\000P\000l\000a\000t\000f\000o\000r\000m\000\040\000S\000e\000l\000e\000c\000t\000i\000o\000n\000\040\000\050\000F\000u\000l\000l\000\040\000S\000p\000e\000c\000t\000r\000u\000m\000\051}{section.9}% 52
\BOOKMARK [0][-]{part.4}{\376\377\000I\000V\000\040\000S\000t\000o\000r\000a\000g\000e}{}% 53
\BOOKMARK [1][-]{section.10}{\376\377\000A\000m\000a\000z\000o\000n\000\040\000S\0003}{part.4}% 54
\BOOKMARK [2][-]{subsection.10.1}{\376\377\000S\000t\000o\000r\000a\000g\000e\000\040\000C\000l\000a\000s\000s\000e\000s}{section.10}% 55
\BOOKMARK [2][-]{subsection.10.2}{\376\377\000S\000e\000c\000u\000r\000i\000t\000y}{section.10}% 56
\BOOKMARK [3][-]{subsubsection.10.2.1}{\376\377\000S\000e\000r\000v\000e\000r\000-\000S\000i\000d\000e\000\040\000E\000n\000c\000r\000y\000p\000t\000i\000o\000n\000\040\000\050\000S\000S\000E\000\051}{subsection.10.2}% 57
\BOOKMARK [2][-]{subsection.10.3}{\376\377\000V\000e\000r\000s\000i\000o\000n\000i\000n\000g\000\040\000\046\000\040\000R\000e\000p\000l\000i\000c\000a\000t\000i\000o\000n}{section.10}% 58
\BOOKMARK [2][-]{subsection.10.4}{\376\377\000S\0003\000\040\000L\000i\000f\000e\000c\000y\000c\000l\000e\000\040\000P\000o\000l\000i\000c\000i\000e\000s}{section.10}% 59
\BOOKMARK [2][-]{subsection.10.5}{\376\377\000P\000e\000r\000f\000o\000r\000m\000a\000n\000c\000e\000\040\000\046\000\040\000T\000r\000a\000n\000s\000f\000e\000r}{section.10}% 60
\BOOKMARK [1][-]{section.11}{\376\377\000S\000h\000a\000r\000e\000d\000\040\000F\000i\000l\000e\000\040\000S\000t\000o\000r\000a\000g\000e\000\040\000\046\000\040\000S\000t\000o\000r\000a\000g\000e\000\040\000G\000a\000t\000e\000w\000a\000y}{part.4}% 61
\BOOKMARK [2][-]{subsection.11.1}{\376\377\000S\000t\000o\000r\000a\000g\000e\000\040\000S\000e\000r\000v\000i\000c\000e\000\040\000S\000e\000l\000e\000c\000t\000i\000o\000n}{section.11}% 62
\BOOKMARK [2][-]{subsection.11.2}{\376\377\000A\000m\000a\000z\000o\000n\000\040\000E\000F\000S\000\040\040\024\000\040\000E\000l\000a\000s\000t\000i\000c\000\040\000F\000i\000l\000e\000\040\000S\000y\000s\000t\000e\000m}{section.11}% 63
\BOOKMARK [2][-]{subsection.11.3}{\376\377\000A\000m\000a\000z\000o\000n\000\040\000F\000S\000x}{section.11}% 64
\BOOKMARK [3][-]{subsubsection.11.3.1}{\376\377\000F\000S\000x\000\040\000f\000o\000r\000\040\000W\000i\000n\000d\000o\000w\000s\000\040\000F\000i\000l\000e\000\040\000S\000e\000r\000v\000e\000r}{subsection.11.3}% 65
\BOOKMARK [3][-]{subsubsection.11.3.2}{\376\377\000F\000S\000x\000\040\000f\000o\000r\000\040\000L\000u\000s\000t\000r\000e}{subsection.11.3}% 66
\BOOKMARK [3][-]{subsubsection.11.3.3}{\376\377\000F\000S\000x\000\040\000f\000o\000r\000\040\000N\000e\000t\000A\000p\000p\000\040\000O\000N\000T\000A\000P}{subsection.11.3}% 67
\BOOKMARK [3][-]{subsubsection.11.3.4}{\376\377\000F\000S\000x\000\040\000f\000o\000r\000\040\000O\000p\000e\000n\000Z\000F\000S}{subsection.11.3}% 68
\BOOKMARK [2][-]{subsection.11.4}{\376\377\000E\000B\000S\000\040\000V\000o\000l\000u\000m\000e\000\040\000T\000y\000p\000e\000s}{section.11}% 69
\BOOKMARK [2][-]{subsection.11.5}{\376\377\000A\000W\000S\000\040\000S\000t\000o\000r\000a\000g\000e\000\040\000G\000a\000t\000e\000w\000a\000y}{section.11}% 70
\BOOKMARK [0][-]{part.5}{\376\377\000V\000\040\000N\000e\000t\000w\000o\000r\000k\000i\000n\000g}{}% 71
\BOOKMARK [1][-]{section.12}{\376\377\000A\000m\000a\000z\000o\000n\000\040\000V\000P\000C}{part.5}% 72
\BOOKMARK [2][-]{subsection.12.1}{\376\377\000C\000o\000r\000e\000\040\000C\000o\000m\000p\000o\000n\000e\000n\000t\000s}{section.12}% 73
\BOOKMARK [2][-]{subsection.12.2}{\376\377\000V\000P\000C\000\040\000C\000o\000n\000n\000e\000c\000t\000i\000v\000i\000t\000y}{section.12}% 74
\BOOKMARK [3][-]{subsubsection.12.2.1}{\376\377\000V\000P\000C\000\040\000E\000n\000d\000p\000o\000i\000n\000t\000s}{subsection.12.2}% 75
\BOOKMARK [3][-]{subsubsection.12.2.2}{\376\377\000V\000P\000C\000\040\000P\000e\000e\000r\000i\000n\000g}{subsection.12.2}% 76
\BOOKMARK [3][-]{subsubsection.12.2.3}{\376\377\000T\000r\000a\000n\000s\000i\000t\000\040\000G\000a\000t\000e\000w\000a\000y\000\040\000\050\000T\000G\000W\000\051}{subsection.12.2}% 77
\BOOKMARK [2][-]{subsection.12.3}{\376\377\000D\000N\000S\000\040\000i\000n\000\040\000V\000P\000C}{section.12}% 78
\BOOKMARK [1][-]{section.13}{\376\377\000H\000y\000b\000r\000i\000d\000\040\000\046\000\040\000V\000P\000C\000\040\000C\000o\000n\000n\000e\000c\000t\000i\000v\000i\000t\000y}{part.5}% 79
\BOOKMARK [2][-]{subsection.13.1}{\376\377\000V\000P\000C\000\040\000C\000o\000n\000n\000e\000c\000t\000i\000v\000i\000t\000y\000\040\000O\000p\000t\000i\000o\000n\000s}{section.13}% 80
\BOOKMARK [2][-]{subsection.13.2}{\376\377\000H\000y\000b\000r\000i\000d\000\040\000C\000o\000n\000n\000e\000c\000t\000i\000v\000i\000t\000y\000:\000\040\000D\000i\000r\000e\000c\000t\000\040\000C\000o\000n\000n\000e\000c\000t\000\040\000\046\000\040\000V\000P\000N}{section.13}% 81
\BOOKMARK [2][-]{subsection.13.3}{\376\377\000H\000y\000b\000r\000i\000d\000\040\000D\000N\000S\000\040\000w\000i\000t\000h\000\040\000R\000o\000u\000t\000e\000\040\0005\0003\000\040\000R\000e\000s\000o\000l\000v\000e\000r}{section.13}% 82
\BOOKMARK [1][-]{section.14}{\376\377\000A\000m\000a\000z\000o\000n\000\040\000R\000o\000u\000t\000e\000\040\0005\0003}{part.5}% 83
\BOOKMARK [2][-]{subsection.14.1}{\376\377\000R\000o\000u\000t\000i\000n\000g\000\040\000P\000o\000l\000i\000c\000i\000e\000s}{section.14}% 84
\BOOKMARK [2][-]{subsection.14.2}{\376\377\000H\000e\000a\000l\000t\000h\000\040\000C\000h\000e\000c\000k\000s}{section.14}% 85
\BOOKMARK [2][-]{subsection.14.3}{\376\377\000P\000r\000i\000v\000a\000t\000e\000\040\000H\000o\000s\000t\000e\000d\000\040\000Z\000o\000n\000e\000s}{section.14}% 86
\BOOKMARK [1][-]{section.15}{\376\377\000A\000m\000a\000z\000o\000n\000\040\000C\000l\000o\000u\000d\000F\000r\000o\000n\000t}{part.5}% 87
\BOOKMARK [2][-]{subsection.15.1}{\376\377\000O\000r\000i\000g\000i\000n\000\040\000A\000c\000c\000e\000s\000s\000\040\000C\000o\000n\000t\000r\000o\000l\000\040\000\050\000O\000A\000C\000\051}{section.15}% 88
\BOOKMARK [2][-]{subsection.15.2}{\376\377\000L\000a\000m\000b\000d\000a\000@\000E\000d\000g\000e\000\040\000\046\000\040\000C\000l\000o\000u\000d\000F\000r\000o\000n\000t\000\040\000F\000u\000n\000c\000t\000i\000o\000n\000s}{section.15}% 89
\BOOKMARK [2][-]{subsection.15.3}{\376\377\000C\000l\000o\000u\000d\000F\000r\000o\000n\000t\000\040\000v\000s\000\040\000A\000W\000S\000\040\000G\000l\000o\000b\000a\000l\000\040\000A\000c\000c\000e\000l\000e\000r\000a\000t\000o\000r}{section.15}% 90
\BOOKMARK [0][-]{part.6}{\376\377\000V\000I\000\040\000S\000e\000c\000u\000r\000i\000t\000y\000\040\000\046\000\040\000I\000d\000e\000n\000t\000i\000t\000y}{}% 91
\BOOKMARK [1][-]{section.16}{\376\377\000A\000W\000S\000\040\000I\000A\000M}{part.6}% 92
\BOOKMARK [2][-]{subsection.16.1}{\376\377\000I\000A\000M\000\040\0001\0000\000\040\000S\000e\000c\000u\000r\000i\000t\000y\000\040\000B\000e\000s\000t\000\040\000P\000r\000a\000c\000t\000i\000c\000e\000s}{section.16}% 93
\BOOKMARK [2][-]{subsection.16.2}{\376\377\000P\000o\000l\000i\000c\000y\000\040\000T\000y\000p\000e\000s}{section.16}% 94
\BOOKMARK [3][-]{subsubsection.16.2.1}{\376\377\000P\000o\000l\000i\000c\000y\000\040\000E\000v\000a\000l\000u\000a\000t\000i\000o\000n\000\040\000L\000o\000g\000i\000c}{subsection.16.2}% 95
\BOOKMARK [2][-]{subsection.16.3}{\376\377\000I\000A\000M\000\040\000R\000o\000l\000e\000s\000\040\000\046\000\040\000S\000T\000S}{section.16}% 96
\BOOKMARK [2][-]{subsection.16.4}{\376\377\000I\000A\000M\000\040\000I\000d\000e\000n\000t\000i\000t\000y\000\040\000C\000e\000n\000t\000e\000r\000\040\000\050\000S\000S\000O\000\051}{section.16}% 97
\BOOKMARK [2][-]{subsection.16.5}{\376\377\000M\000F\000A\000\040\000\046\000\040\000C\000r\000e\000d\000e\000n\000t\000i\000a\000l\000\040\000S\000e\000c\000u\000r\000i\000t\000y}{section.16}% 98
\BOOKMARK [1][-]{section.17}{\376\377\000A\000W\000S\000\040\000K\000M\000S\000\040\040\024\000\040\000K\000e\000y\000\040\000M\000a\000n\000a\000g\000e\000m\000e\000n\000t\000\040\000S\000e\000r\000v\000i\000c\000e}{part.6}% 99
\BOOKMARK [1][-]{section.18}{\376\377\000A\000W\000S\000\040\000S\000h\000i\000e\000l\000d\000\040\000\046\000\040\000W\000A\000F}{part.6}% 100
\BOOKMARK [2][-]{subsection.18.1}{\376\377\000A\000W\000S\000\040\000S\000h\000i\000e\000l\000d}{section.18}% 101
\BOOKMARK [2][-]{subsection.18.2}{\376\377\000A\000W\000S\000\040\000W\000A\000F\000\040\040\024\000\040\000W\000e\000b\000\040\000A\000p\000p\000l\000i\000c\000a\000t\000i\000o\000n\000\040\000F\000i\000r\000e\000w\000a\000l\000l}{section.18}% 102
\BOOKMARK [1][-]{section.19}{\376\377\000A\000d\000d\000i\000t\000i\000o\000n\000a\000l\000\040\000S\000e\000c\000u\000r\000i\000t\000y\000\040\000S\000e\000r\000v\000i\000c\000e\000s}{part.6}% 103
\BOOKMARK [0][-]{part.7}{\376\377\000V\000I\000I\000\040\000D\000a\000t\000a\000b\000a\000s\000e\000s}{}% 104
\BOOKMARK [1][-]{section.20}{\376\377\000A\000m\000a\000z\000o\000n\000\040\000R\000D\000S\000\040\000\046\000\040\000A\000u\000r\000o\000r\000a}{part.7}% 105
\BOOKMARK [2][-]{subsection.20.1}{\376\377\000A\000m\000a\000z\000o\000n\000\040\000R\000D\000S}{section.20}% 106
\BOOKMARK [3][-]{subsubsection.20.1.1}{\376\377\000M\000u\000l\000t\000i\000-\000A\000Z\000\040\000v\000s\000\040\000R\000e\000a\000d\000\040\000R\000e\000p\000l\000i\000c\000a\000s}{subsection.20.1}% 107
\BOOKMARK [2][-]{subsection.20.2}{\376\377\000A\000m\000a\000z\000o\000n\000\040\000A\000u\000r\000o\000r\000a}{section.20}% 108
\BOOKMARK [3][-]{subsubsection.20.2.1}{\376\377\000A\000u\000r\000o\000r\000a\000\040\000G\000l\000o\000b\000a\000l\000\040\000D\000a\000t\000a\000b\000a\000s\000e}{subsection.20.2}% 109
\BOOKMARK [3][-]{subsubsection.20.2.2}{\376\377\000A\000u\000r\000o\000r\000a\000\040\000S\000e\000r\000v\000e\000r\000l\000e\000s\000s\000\040\000v\0002}{subsection.20.2}% 110
\BOOKMARK [2][-]{subsection.20.3}{\376\377\000R\000D\000S\000\040\000P\000r\000o\000x\000y}{section.20}% 111
\BOOKMARK [2][-]{subsection.20.4}{\376\377\000S\000e\000c\000u\000r\000i\000t\000y}{section.20}% 112
\BOOKMARK [1][-]{section.21}{\376\377\000A\000m\000a\000z\000o\000n\000\040\000D\000y\000n\000a\000m\000o\000D\000B}{part.7}% 113
\BOOKMARK [2][-]{subsection.21.1}{\376\377\000D\000y\000n\000a\000m\000o\000D\000B\000\040\000v\000s\000\040\000R\000D\000S\000\040\040\024\000\040\000W\000h\000e\000n\000\040\000t\000o\000\040\000C\000h\000o\000o\000s\000e}{section.21}% 114
\BOOKMARK [2][-]{subsection.21.2}{\376\377\000S\000e\000c\000o\000n\000d\000a\000r\000y\000\040\000I\000n\000d\000e\000x\000e\000s}{section.21}% 115
\BOOKMARK [2][-]{subsection.21.3}{\376\377\000D\000y\000n\000a\000m\000o\000D\000B\000\040\000S\000t\000r\000e\000a\000m\000s\000\040\000\046\000\040\000T\000r\000i\000g\000g\000e\000r\000s}{section.21}% 116
\BOOKMARK [2][-]{subsection.21.4}{\376\377\000D\000y\000n\000a\000m\000o\000D\000B\000\040\000T\000r\000a\000n\000s\000a\000c\000t\000i\000o\000n\000s}{section.21}% 117
\BOOKMARK [2][-]{subsection.21.5}{\376\377\000T\000i\000m\000e\000\040\000T\000o\000\040\000L\000i\000v\000e\000\040\000\050\000T\000T\000L\000\051}{section.21}% 118
\BOOKMARK [1][-]{section.22}{\376\377\000P\000u\000r\000p\000o\000s\000e\000-\000B\000u\000i\000l\000t\000\040\000D\000a\000t\000a\000b\000a\000s\000e\000s}{part.7}% 119
\BOOKMARK [2][-]{subsection.22.1}{\376\377\000A\000m\000a\000z\000o\000n\000\040\000R\000e\000d\000s\000h\000i\000f\000t}{section.22}% 120
\BOOKMARK [2][-]{subsection.22.2}{\376\377\000A\000m\000a\000z\000o\000n\000\040\000E\000l\000a\000s\000t\000i\000C\000a\000c\000h\000e}{section.22}% 121
\BOOKMARK [2][-]{subsection.22.3}{\376\377\000A\000m\000a\000z\000o\000n\000\040\000O\000p\000e\000n\000S\000e\000a\000r\000c\000h\000\040\000S\000e\000r\000v\000i\000c\000e}{section.22}% 122
\BOOKMARK [0][-]{part.8}{\376\377\000V\000I\000I\000I\000\040\000I\000n\000t\000e\000g\000r\000a\000t\000i\000o\000n\000,\000\040\000M\000e\000s\000s\000a\000g\000i\000n\000g\000\040\000\046\000\040\000A\000n\000a\000l\000y\000t\000i\000c\000s}{}% 123
\BOOKMARK [1][-]{section.23}{\376\377\000M\000e\000s\000s\000a\000g\000i\000n\000g\000\040\000\046\000\040\000A\000p\000p\000l\000i\000c\000a\000t\000i\000o\000n\000\040\000I\000n\000t\000e\000g\000r\000a\000t\000i\000o\000n}{part.8}% 124
\BOOKMARK [2][-]{subsection.23.1}{\376\377\000M\000e\000s\000s\000a\000g\000i\000n\000g\000\040\000D\000e\000c\000i\000s\000i\000o\000n\000\040\000F\000r\000a\000m\000e\000w\000o\000r\000k}{section.23}% 125
\BOOKMARK [2][-]{subsection.23.2}{\376\377\000A\000m\000a\000z\000o\000n\000\040\000S\000Q\000S}{section.23}% 126
\BOOKMARK [2][-]{subsection.23.3}{\376\377\000A\000m\000a\000z\000o\000n\000\040\000S\000N\000S}{section.23}% 127
\BOOKMARK [2][-]{subsection.23.4}{\376\377\000A\000m\000a\000z\000o\000n\000\040\000E\000v\000e\000n\000t\000B\000r\000i\000d\000g\000e}{section.23}% 128
\BOOKMARK [2][-]{subsection.23.5}{\376\377\000A\000W\000S\000\040\000S\000t\000e\000p\000\040\000F\000u\000n\000c\000t\000i\000o\000n\000s}{section.23}% 129
\BOOKMARK [1][-]{section.24}{\376\377\000A\000n\000a\000l\000y\000t\000i\000c\000s\000\040\000\046\000\040\000S\000t\000r\000e\000a\000m\000i\000n\000g}{part.8}% 130
\BOOKMARK [2][-]{subsection.24.1}{\376\377\000A\000n\000a\000l\000y\000t\000i\000c\000s\000\040\000\046\000\040\000S\000t\000r\000e\000a\000m\000i\000n\000g\000\040\000S\000e\000r\000v\000i\000c\000e\000\040\000R\000e\000f\000e\000r\000e\000n\000c\000e}{section.24}% 131
\BOOKMARK [2][-]{subsection.24.2}{\376\377\000K\000i\000n\000e\000s\000i\000s\000\040\000D\000e\000e\000p\000\040\000D\000i\000v\000e}{section.24}% 132
\BOOKMARK [2][-]{subsection.24.3}{\376\377\000A\000n\000a\000l\000y\000t\000i\000c\000s\000\040\000S\000e\000r\000v\000i\000c\000e\000\040\000D\000e\000c\000i\000s\000i\000o\000n\000\040\000T\000r\000e\000e}{section.24}% 133
\BOOKMARK [0][-]{part.9}{\376\377\000I\000X\000\040\000R\000e\000l\000i\000a\000b\000i\000l\000i\000t\000y\000\040\000\046\000\040\000D\000R}{}% 134
\BOOKMARK [1][-]{section.25}{\376\377\000D\000i\000s\000a\000s\000t\000e\000r\000\040\000R\000e\000c\000o\000v\000e\000r\000y\000\040\000\046\000\040\000H\000i\000g\000h\000\040\000A\000v\000a\000i\000l\000a\000b\000i\000l\000i\000t\000y}{part.9}% 135
\BOOKMARK [2][-]{subsection.25.1}{\376\377\000K\000e\000y\000\040\000R\000e\000l\000i\000a\000b\000i\000l\000i\000t\000y\000\040\000M\000e\000t\000r\000i\000c\000s}{section.25}% 136
\BOOKMARK [2][-]{subsection.25.2}{\376\377\000D\000i\000s\000a\000s\000t\000e\000r\000\040\000R\000e\000c\000o\000v\000e\000r\000y\000\040\000S\000t\000r\000a\000t\000e\000g\000i\000e\000s}{section.25}% 137
\BOOKMARK [2][-]{subsection.25.3}{\376\377\000H\000i\000g\000h\000\040\000A\000v\000a\000i\000l\000a\000b\000i\000l\000i\000t\000y\000\040\000P\000a\000t\000t\000e\000r\000n\000s}{section.25}% 138
\BOOKMARK [0][-]{part.10}{\376\377\000X\000\040\000M\000i\000g\000r\000a\000t\000i\000o\000n}{}% 139
\BOOKMARK [1][-]{section.26}{\376\377\000W\000o\000r\000k\000l\000o\000a\000d\000\040\000M\000i\000g\000r\000a\000t\000i\000o\000n\000\040\000\046\000\040\000M\000o\000d\000e\000r\000n\000i\000s\000a\000t\000i\000o\000n}{part.10}% 140
\BOOKMARK [2][-]{subsection.26.1}{\376\377\000T\000h\000e\000\040\0007\000R\000s\000\040\000M\000i\000g\000r\000a\000t\000i\000o\000n\000\040\000S\000t\000r\000a\000t\000e\000g\000i\000e\000s}{section.26}% 141
\BOOKMARK [2][-]{subsection.26.2}{\376\377\000A\000p\000p\000l\000i\000c\000a\000t\000i\000o\000n\000\040\000M\000i\000g\000r\000a\000t\000i\000o\000n\000\040\000T\000o\000o\000l\000s}{section.26}% 142
\BOOKMARK [2][-]{subsection.26.3}{\376\377\000S\000n\000o\000w\000\040\000F\000a\000m\000i\000l\000y}{section.26}% 143
\BOOKMARK [2][-]{subsection.26.4}{\376\377\000D\000a\000t\000a\000b\000a\000s\000e\000\040\000M\000i\000g\000r\000a\000t\000i\000o\000n\000\040\000P\000a\000t\000t\000e\000r\000n\000s}{section.26}% 144
\BOOKMARK [0][-]{part.11}{\376\377\000X\000I\000\040\000M\000a\000n\000a\000g\000e\000m\000e\000n\000t\000\040\000\046\000\040\000M\000o\000n\000i\000t\000o\000r\000i\000n\000g}{}% 145
\BOOKMARK [1][-]{section.27}{\376\377\000A\000m\000a\000z\000o\000n\000\040\000C\000l\000o\000u\000d\000W\000a\000t\000c\000h}{part.11}% 146
\BOOKMARK [2][-]{subsection.27.1}{\376\377\000C\000l\000o\000u\000d\000W\000a\000t\000c\000h\000\040\000A\000g\000e\000n\000t}{section.27}% 147
\BOOKMARK [2][-]{subsection.27.2}{\376\377\000C\000l\000o\000u\000d\000W\000a\000t\000c\000h\000\040\000A\000l\000a\000r\000m\000s\000\040\040\024\000\040\000M\000o\000n\000i\000t\000o\000r\000i\000n\000g\000\040\000C\000h\000a\000i\000n}{section.27}% 148
\BOOKMARK [1][-]{section.28}{\376\377\000A\000W\000S\000\040\000C\000l\000o\000u\000d\000T\000r\000a\000i\000l}{part.11}% 149
\BOOKMARK [1][-]{section.29}{\376\377\000A\000W\000S\000\040\000C\000l\000o\000u\000d\000F\000o\000r\000m\000a\000t\000i\000o\000n}{part.11}% 150
\BOOKMARK [1][-]{section.30}{\376\377\000A\000W\000S\000\040\000T\000r\000u\000s\000t\000e\000d\000\040\000A\000d\000v\000i\000s\000o\000r}{part.11}% 151
\BOOKMARK [1][-]{section.31}{\376\377\000C\000o\000s\000t\000\040\000M\000a\000n\000a\000g\000e\000m\000e\000n\000t\000\040\000\046\000\040\000P\000r\000i\000c\000i\000n\000g}{part.11}% 152
\BOOKMARK [2][-]{subsection.31.1}{\376\377\000E\000C\0002\000\040\000\046\000\040\000C\000o\000m\000p\000u\000t\000e\000\040\000P\000r\000i\000c\000i\000n\000g\000\040\000M\000o\000d\000e\000l\000s}{section.31}% 153
\BOOKMARK [2][-]{subsection.31.2}{\376\377\000C\000o\000s\000t\000\040\000M\000a\000n\000a\000g\000e\000m\000e\000n\000t\000\040\000T\000o\000o\000l\000s}{section.31}% 154
\BOOKMARK [2][-]{subsection.31.3}{\376\377\000C\000o\000s\000t\000\040\000O\000p\000t\000i\000m\000i\000s\000a\000t\000i\000o\000n\000\040\000B\000e\000s\000t\000\040\000P\000r\000a\000c\000t\000i\000c\000e\000s}{section.31}% 155
\BOOKMARK [1][-]{section.32}{\376\377\000A\000W\000S\000\040\000C\000o\000m\000p\000l\000i\000a\000n\000c\000e\000\040\000P\000r\000o\000g\000r\000a\000m\000s}{part.11}% 156
\BOOKMARK [1][-]{section.33}{\376\377\000A\000W\000S\000\040\000O\000r\000g\000a\000n\000i\000z\000a\000t\000i\000o\000n\000s\000\040\000\046\000\040\000M\000u\000l\000t\000i\000-\000A\000c\000c\000o\000u\000n\000t\000\040\000S\000t\000r\000a\000t\000e\000g\000y}{part.11}% 157
\BOOKMARK [2][-]{subsection.33.1}{\376\377\000A\000W\000S\000\040\000O\000r\000g\000a\000n\000i\000z\000a\000t\000i\000o\000n\000s}{section.33}% 158
\BOOKMARK [3][-]{subsubsection.33.1.1}{\376\377\000S\000C\000P\000\040\000E\000x\000a\000m\000p\000l\000e\000:\000\040\000R\000e\000s\000t\000r\000i\000c\000t\000\040\000t\000o\000\040\000S\000p\000e\000c\000i\000f\000i\000c\000\040\000R\000e\000g\000i\000o\000n\000s}{subsection.33.1}% 159
\BOOKMARK [2][-]{subsection.33.2}{\376\377\000A\000W\000S\000\040\000C\000o\000n\000t\000r\000o\000l\000\040\000T\000o\000w\000e\000r}{section.33}% 160
\BOOKMARK [2][-]{subsection.33.3}{\376\377\000M\000u\000l\000t\000i\000-\000A\000c\000c\000o\000u\000n\000t\000\040\000L\000o\000g\000g\000i\000n\000g\000\040\000S\000t\000r\000a\000t\000e\000g\000y}{section.33}% 161
\BOOKMARK [2][-]{subsection.33.4}{\376\377\000A\000W\000S\000\040\000R\000e\000s\000o\000u\000r\000c\000e\000\040\000A\000c\000c\000e\000s\000s\000\040\000M\000a\000n\000a\000g\000e\000r\000\040\000\050\000R\000A\000M\000\051}{section.33}% 162
\BOOKMARK [2][-]{subsection.33.5}{\376\377\000C\000o\000s\000t\000\040\000M\000a\000n\000a\000g\000e\000m\000e\000n\000t\000\040\000T\000o\000o\000l\000s}{section.33}% 163
\BOOKMARK [3][-]{subsubsection.33.5.1}{\376\377\000T\000a\000g\000g\000i\000n\000g\000\040\000S\000t\000r\000a\000t\000e\000g\000y\000\040\000f\000o\000r\000\040\000C\000o\000s\000t\000\040\000A\000l\000l\000o\000c\000a\000t\000i\000o\000n}{subsection.33.5}% 164
\BOOKMARK [0][-]{part.12}{\376\377\000X\000I\000I\000\040\000A\000r\000c\000h\000i\000t\000e\000c\000t\000u\000r\000e\000\040\000P\000a\000t\000t\000e\000r\000n\000s}{}% 165
\BOOKMARK [1][-]{section.34}{\376\377\000K\000e\000y\000\040\000A\000r\000c\000h\000i\000t\000e\000c\000t\000u\000r\000e\000\040\000P\000a\000t\000t\000e\000r\000n\000s}{part.12}% 166
\BOOKMARK [2][-]{subsection.34.1}{\376\377\000T\000h\000r\000e\000e\000-\000T\000i\000e\000r\000\040\000W\000e\000b\000\040\000A\000p\000p\000l\000i\000c\000a\000t\000i\000o\000n}{section.34}% 167
\BOOKMARK [2][-]{subsection.34.2}{\376\377\000S\000e\000r\000v\000e\000r\000l\000e\000s\000s\000\040\000W\000e\000b\000\040\000A\000p\000p\000l\000i\000c\000a\000t\000i\000o\000n}{section.34}% 168
\BOOKMARK [2][-]{subsection.34.3}{\376\377\000E\000v\000e\000n\000t\000-\000D\000r\000i\000v\000e\000n\000\040\000/\000\040\000D\000e\000c\000o\000u\000p\000l\000e\000d\000\040\000P\000i\000p\000e\000l\000i\000n\000e}{section.34}% 169
\BOOKMARK [2][-]{subsection.34.4}{\376\377\000D\000a\000t\000a\000\040\000L\000a\000k\000e\000\040\000A\000r\000c\000h\000i\000t\000e\000c\000t\000u\000r\000e}{section.34}% 170
\BOOKMARK [2][-]{subsection.34.5}{\376\377\000H\000y\000b\000r\000i\000d\000\040\000C\000l\000o\000u\000d\000\040\000P\000a\000t\000t\000e\000r\000n}{section.34}% 171
\BOOKMARK [2][-]{subsection.34.6}{\376\377\000M\000i\000g\000r\000a\000t\000i\000o\000n\000\040\000S\000e\000r\000v\000i\000c\000e\000s\000\040\000R\000e\000f\000e\000r\000e\000n\000c\000e}{section.34}% 172
\BOOKMARK [0][-]{part.13}{\376\377\000X\000I\000I\000I\000\040\000Q\000u\000i\000c\000k\000\040\000R\000e\000f\000e\000r\000e\000n\000c\000e}{}% 173
\BOOKMARK [1][-]{section.35}{\376\377\000Q\000u\000i\000c\000k\000\040\000R\000e\000f\000e\000r\000e\000n\000c\000e\000\040\000\046\000\040\000D\000e\000c\000i\000s\000i\000o\000n\000\040\000T\000r\000e\000e\000s}{part.13}% 174
\BOOKMARK [2][-]{subsection.35.1}{\376\377\000C\000r\000i\000t\000i\000c\000a\000l\000\040\000N\000u\000m\000b\000e\000r\000s\000\040\000t\000o\000\040\000M\000e\000m\000o\000r\000i\000s\000e}{section.35}% 175
\BOOKMARK [2][-]{subsection.35.2}{\376\377\000S\000e\000r\000v\000i\000c\000e\000\040\000S\000e\000l\000e\000c\000t\000i\000o\000n\000\040\000D\000e\000c\000i\000s\000i\000o\000n\000\040\000T\000r\000e\000e\000s}{section.35}% 176
\BOOKMARK [3][-]{subsubsection.35.2.1}{\376\377\000W\000h\000i\000c\000h\000\040\000M\000e\000s\000s\000a\000g\000i\000n\000g\000\040\000/\000\040\000Q\000u\000e\000u\000e\000\040\000S\000e\000r\000v\000i\000c\000e\000?}{subsection.35.2}% 177
\BOOKMARK [3][-]{subsubsection.35.2.2}{\376\377\000W\000h\000i\000c\000h\000\040\000L\000o\000a\000d\000\040\000B\000a\000l\000a\000n\000c\000e\000r\000?}{subsection.35.2}% 178
\BOOKMARK [3][-]{subsubsection.35.2.3}{\376\377\000W\000h\000i\000c\000h\000\040\000S\000t\000o\000r\000a\000g\000e\000\040\000S\000e\000r\000v\000i\000c\000e\000?}{subsection.35.2}% 179
\BOOKMARK [3][-]{subsubsection.35.2.4}{\376\377\000W\000h\000i\000c\000h\000\040\000D\000a\000t\000a\000b\000a\000s\000e\000?}{subsection.35.2}% 180
\BOOKMARK [3][-]{subsubsection.35.2.5}{\376\377\000C\000l\000o\000u\000d\000F\000r\000o\000n\000t\000\040\000v\000s\000\040\000G\000l\000o\000b\000a\000l\000\040\000A\000c\000c\000e\000l\000e\000r\000a\000t\000o\000r}{subsection.35.2}% 181
\BOOKMARK [2][-]{subsection.35.3}{\376\377\000E\000x\000a\000m\000-\000D\000a\000y\000\040\000S\000t\000r\000a\000t\000e\000g\000y}{section.35}% 182
\BOOKMARK [2][-]{subsection.35.4}{\376\377\000C\000a\000t\000e\000g\000o\000r\000i\000s\000e\000d\000\040\000S\000e\000r\000v\000i\000c\000e\000\040\000C\000h\000e\000a\000t\000\040\000S\000h\000e\000e\000t}{section.35}% 183
\BOOKMARK [3][-]{subsubsection.35.4.1}{\376\377\000C\000o\000m\000p\000u\000t\000e}{subsection.35.4}% 184
\BOOKMARK [3][-]{subsubsection.35.4.2}{\376\377\000S\000t\000o\000r\000a\000g\000e}{subsection.35.4}% 185
\BOOKMARK [3][-]{subsubsection.35.4.3}{\376\377\000D\000a\000t\000a\000b\000a\000s\000e\000s}{subsection.35.4}% 186
\BOOKMARK [3][-]{subsubsection.35.4.4}{\376\377\000N\000e\000t\000w\000o\000r\000k\000i\000n\000g}{subsection.35.4}% 187
\BOOKMARK [3][-]{subsubsection.35.4.5}{\376\377\000S\000e\000c\000u\000r\000i\000t\000y}{subsection.35.4}% 188
\BOOKMARK [3][-]{subsubsection.35.4.6}{\376\377\000H\000i\000g\000h\000\040\000A\000v\000a\000i\000l\000a\000b\000i\000l\000i\000t\000y\000\040\000\046\000\040\000D\000i\000s\000a\000s\000t\000e\000r\000\040\000R\000e\000c\000o\000v\000e\000r\000y}{subsection.35.4}% 189
\BOOKMARK [2][-]{subsection.35.5}{\376\377\000T\000h\000e\000\040\000F\000o\000u\000r\000\040\000Q\000u\000e\000s\000t\000i\000o\000n\000s\000\040\000F\000r\000a\000m\000e\000w\000o\000r\000k}{section.35}% 190
\BOOKMARK [2][-]{subsection.35.6}{\376\377\000H\000i\000g\000h\000-\000F\000r\000e\000q\000u\000e\000n\000c\000y\000\040\000S\000c\000e\000n\000a\000r\000i\000o\000\040\000P\000a\000t\000t\000e\000r\000n\000\040\000T\000a\000b\000l\000e\000s}{section.35}% 191
\BOOKMARK [3][-]{subsubsection.35.6.1}{\376\377\000`\000`\000W\000i\000t\000h\000o\000u\000t\000\040\000I\000n\000t\000e\000r\000n\000e\000t\000'\000'\000\040\000P\000a\000t\000t\000e\000r\000n\000s}{subsection.35.6}% 192
\BOOKMARK [3][-]{subsubsection.35.6.2}{\376\377\000H\000A\000\040\000\046\000\040\000D\000R\000\040\000P\000a\000t\000t\000e\000r\000n\000s}{subsection.35.6}% 193
\BOOKMARK [3][-]{subsubsection.35.6.3}{\376\377\000P\000e\000r\000f\000o\000r\000m\000a\000n\000c\000e\000\040\000\046\000\040\000C\000a\000c\000h\000i\000n\000g\000\040\000P\000a\000t\000t\000e\000r\000n\000s}{subsection.35.6}% 194
\BOOKMARK [3][-]{subsubsection.35.6.4}{\376\377\000C\000o\000s\000t\000\040\000O\000p\000t\000i\000m\000i\000s\000a\000t\000i\000o\000n\000\040\000P\000a\000t\000t\000e\000r\000n\000s}{subsection.35.6}% 195
\BOOKMARK [2][-]{subsection.35.7}{\376\377\000O\000n\000e\000-\000L\000i\000n\000e\000r\000\040\000R\000a\000p\000i\000d\000-\000F\000i\000r\000e\000\040\000R\000u\000l\000e\000s}{section.35}% 196
\BOOKMARK [3][-]{subsubsection.35.7.1}{\376\377\000S\000e\000c\000u\000r\000i\000t\000y}{subsection.35.7}% 197
\BOOKMARK [3][-]{subsubsection.35.7.2}{\376\377\000R\000e\000s\000i\000l\000i\000e\000n\000c\000e}{subsection.35.7}% 198
\BOOKMARK [3][-]{subsubsection.35.7.3}{\376\377\000P\000e\000r\000f\000o\000r\000m\000a\000n\000c\000e}{subsection.35.7}% 199
\BOOKMARK [3][-]{subsubsection.35.7.4}{\376\377\000C\000o\000s\000t}{subsection.35.7}% 200
\BOOKMARK [2][-]{subsection.35.8}{\376\377\000M\000e\000m\000o\000r\000y\000\040\000H\000o\000o\000k\000s\000\040\040\024\000\040\000O\000n\000e\000-\000W\000o\000r\000d\000\040\000M\000n\000e\000m\000o\000n\000i\000c\000s}{section.35}% 201
\BOOKMARK [0][-]{part.14}{\376\377\000X\000I\000V\000\040\000P\000r\000a\000c\000t\000i\000c\000e\000\040\000Q\000u\000e\000s\000t\000i\000o\000n\000s}{}% 202
\BOOKMARK [1][-]{section.36}{\376\377\000S\000A\000A\000-\000C\0000\0003\000\040\000P\000r\000a\000c\000t\000i\000c\000e\000\040\000Q\000u\000e\000s\000t\000i\000o\000n\000s}{part.14}% 203
\BOOKMARK [2][-]{subsection.36.1}{\376\377\000D\000o\000m\000a\000i\000n\000\040\0001\000\040\040\024\000\040\000D\000e\000s\000i\000g\000n\000\040\000S\000e\000c\000u\000r\000e\000\040\000A\000r\000c\000h\000i\000t\000e\000c\000t\000u\000r\000e\000s}{section.36}% 204
\BOOKMARK [2][-]{subsection.36.2}{\376\377\000D\000o\000m\000a\000i\000n\000\040\0002\000\040\040\024\000\040\000D\000e\000s\000i\000g\000n\000\040\000R\000e\000s\000i\000l\000i\000e\000n\000t\000\040\000A\000r\000c\000h\000i\000t\000e\000c\000t\000u\000r\000e\000s}{section.36}% 205
\BOOKMARK [2][-]{subsection.36.3}{\376\377\000D\000o\000m\000a\000i\000n\000\040\0003\000\040\040\024\000\040\000D\000e\000s\000i\000g\000n\000\040\000H\000i\000g\000h\000-\000P\000e\000r\000f\000o\000r\000m\000i\000n\000g\000\040\000A\000r\000c\000h\000i\000t\000e\000c\000t\000u\000r\000e\000s}{section.36}% 206
\BOOKMARK [2][-]{subsection.36.4}{\376\377\000D\000o\000m\000a\000i\000n\000\040\0004\000\040\040\024\000\040\000D\000e\000s\000i\000g\000n\000\040\000C\000o\000s\000t\000-\000O\000p\000t\000i\000m\000i\000z\000e\000d\000\040\000A\000r\000c\000h\000i\000t\000e\000c\000t\000u\000r\000e\000s}{section.36}% 207
